<?xml version="1.0" encoding="UTF-8"?>
<testsuite xmlns:xsi="http://www.w3.org/2001/XMLSchema-instance" xsi:noNamespaceSchemaLocation="https://maven.apache.org/surefire/maven-failsafe-plugin/xsd/failsafe-test-report-3.0.xsd" version="3.0" name="Crear y Buscar Pedidos de PetStore" time="10.322" tests="12" errors="0" skipped="0" failures="0">
  <properties>
[...]
</properties>
  <testcase name="Realizar un Pedido //POST #1" classname="Crear y Buscar Pedidos de PetStore" time="4.036">
    <system-out><![CDATA[00:51:54.621 [main] DEBUG net.thucydides.core.util.PropertiesFileLocalPreferences - LOADING LOCAL PROPERTIES FROM C:\Users\Sonia Gabriela\Desktop\AutomationAPI\AutomatizacionAPI\serenity.properties 

00:51:54.643 [main] DEBUG net.thucydides.core.util.PropertiesFileLocalPreferences - LOADING LOCAL PROPERTIES FROM C:\Users\Sonia Gabriela\Desktop\AutomationAPI\AutomatizacionAPI\serenity.properties 

00:51:54.644 [main] DEBUG net.thucydides.core.util.PropertiesFileLocalPreferences - LOADING LOCAL PROPERTIES FROM C:\Users\Sonia Gabriela\Desktop\AutomationAPI\AutomatizacionAPI\serenity.properties 

00:51:54.652 [main] DEBUG net.thucydides.core.util.PropertiesFileLocalPreferences - serenity.project.name=Serenity and Cucumber QA Innovation Lab

00:51:55.068 [pool-2-thread-1] INFO io.cucumber.core.plugin.SerenityReporter - Running feature from classpath:features/GET_POST.feature

00:51:55.201 [pool-2-thread-1] DEBUG net.thucydides.core.util.PropertiesFileLocalPreferences - LOADING LOCAL PROPERTIES FROM C:\Users\Sonia Gabriela\Desktop\AutomationAPI\AutomatizacionAPI\serenity.properties 

00:51:55.208 [pool-2-thread-1] DEBUG net.thucydides.core.util.PropertiesFileLocalPreferences - LOADING LOCAL PROPERTIES FROM C:\Users\Sonia Gabriela\Desktop\AutomationAPI\AutomatizacionAPI\serenity.properties 

00:51:55.208 [pool-2-thread-1] DEBUG net.thucydides.core.util.PropertiesFileLocalPreferences - LOADING LOCAL PROPERTIES FROM C:\Users\Sonia Gabriela\Desktop\AutomationAPI\AutomatizacionAPI\serenity.properties 

00:51:55.209 [pool-2-thread-1] DEBUG net.thucydides.core.util.PropertiesFileLocalPreferences - serenity.project.name=Serenity and Cucumber QA Innovation Lab

00:51:55.224 [pool-2-thread-1] INFO  - 

-------------------------------------------------------------------------------------
     _______. _______ .______       _______ .__   __.  __  .___________.____    ____ 
    /       ||   ____||   _  \     |   ____||  \ |  | |  | |           |\   \  /   / 
   |   (----`|  |__   |  |_)  |    |  |__   |   \|  | |  | `---|  |----` \   \/   /  
    \   \    |   __|  |      /     |   __|  |  . `  | |  |     |  |       \_    _/   
.----)   |   |  |____ |  |\  \----.|  |____ |  |\   | |  |     |  |         |  |     
|_______/    |_______|| _| `._____||_______||__| \__| |__|     |__|         |__|    
                                                                                     
 News and tutorials at http://www.serenity-bdd.info                                  
 Documentation at https://wakaleo.gitbooks.io/the-serenity-book/content/             
 Join the Serenity Community on Gitter: https://gitter.im/serenity-bdd/serenity-core 
 Serenity BDD Support and Training at http://serenity-bdd.info/#/trainingandsupport  
-------------------------------------------------------------------------------------


00:51:55.228 [pool-2-thread-1] DEBUG net.thucydides.core.steps.StepEventBus - Test suite started for story net.thucydides.core.model.Story@74366f36

00:51:55.229 [pool-2-thread-1] INFO  - Test Suite Started: Crear y Buscar Pedidos de PetStore



12
 Scenarios (
&amp#27;[32m12 passed&amp#27;[0m
)


66
 Steps (
&amp#27;[32m66 passed&amp#27;[0m
)


0m
10.527s






00:52:05.596 [pool-2-thread-1] DEBUG net.thucydides.core.reports.ReportService - Reporting formats: [JSON, HTML]

00:52:05.664 [pool-2-thread-1] DEBUG net.thucydides.core.reports.ReportService - Reporting formats: [JSON, HTML]

00:52:05.678 [pool-2-thread-1] DEBUG net.thucydides.core.reports.ReportService - Generating reports for 2 test outcomes using: net.thucydides.core.reports.json.JSONTestOutcomeReporter@5875cb0b

00:52:05.679 [pool-2-thread-2] DEBUG net.thucydides.core.reports.ReportService - Processing test outcome Crear y Buscar Pedidos de PetStore:Buscar Pedido //GET

00:52:05.679 [pool-2-thread-2] INFO net.thucydides.core.reports.ReportService - net.thucydides.core.reports.json.JSONTestOutcomeReporter@5875cb0b: Generating report for test outcome: Crear y Buscar Pedidos de PetStore:Buscar Pedido //GET

00:52:05.679 [pool-2-thread-1] DEBUG net.thucydides.core.reports.ReportService - Processing test outcome Crear y Buscar Pedidos de PetStore:Realizar un Pedido //POST

00:52:05.679 [pool-2-thread-1] INFO net.thucydides.core.reports.ReportService - net.thucydides.core.reports.json.JSONTestOutcomeReporter@5875cb0b: Generating report for test outcome: Crear y Buscar Pedidos de PetStore:Realizar un Pedido //POST

00:52:05.687 [pool-2-thread-1] DEBUG net.thucydides.core.reports.json.JSONTestOutcomeReporter - Generating JSON report for Realizar un Pedido //POST to file C:\Users\Sonia Gabriela\Desktop\AutomationAPI\AutomatizacionAPI\target\site\serenity\bdb053935def29ad05e887547756a49c7e72f6108f8dbda4f4ee207e4bc93828.json (using temp file C:\Users\Sonia Gabriela\Desktop\AutomationAPI\AutomatizacionAPI\target\site\serenity\bdb053935def29ad05e887547756a49c7e72f6108f8dbda4f4ee207e4bc93828.json55b55052-3260-4339-81a2-47d396f42822)

00:52:05.687 [pool-2-thread-2] DEBUG net.thucydides.core.reports.json.JSONTestOutcomeReporter - Generating JSON report for Buscar Pedido //GET to file C:\Users\Sonia Gabriela\Desktop\AutomationAPI\AutomatizacionAPI\target\site\serenity\8f5197a85b3345282de48293a110729b404ef83c22bb6b2dbc017229b9c504ac.json (using temp file C:\Users\Sonia Gabriela\Desktop\AutomationAPI\AutomatizacionAPI\target\site\serenity\8f5197a85b3345282de48293a110729b404ef83c22bb6b2dbc017229b9c504ac.jsonf2de9bd7-96f9-4e03-934b-66fbe098eee3)

00:52:05.756 [pool-2-thread-2] DEBUG net.thucydides.core.reports.ReportService - Processing test outcome Crear y Buscar Pedidos de PetStore:Buscar Pedido //GET done

00:52:05.757 [pool-2-thread-1] DEBUG net.thucydides.core.reports.ReportService - Processing test outcome Crear y Buscar Pedidos de PetStore:Realizar un Pedido //POST done

00:52:05.757 [pool-2-thread-1] DEBUG net.thucydides.core.reports.ReportService - Shutting down executor service

00:52:05.757 [pool-2-thread-1] DEBUG net.thucydides.core.reports.ReportService - Reports generated in: 79 ms

00:52:05.757 [pool-2-thread-1] DEBUG net.thucydides.core.reports.ReportService - Generating reports for 2 test outcomes using: net.thucydides.core.reports.html.HtmlAcceptanceTestReporter@575d3fa1

00:52:05.758 [pool-3-thread-2] DEBUG net.thucydides.core.reports.ReportService - Processing test outcome Crear y Buscar Pedidos de PetStore:Buscar Pedido //GET

00:52:05.758 [pool-3-thread-1] DEBUG net.thucydides.core.reports.ReportService - Processing test outcome Crear y Buscar Pedidos de PetStore:Realizar un Pedido //POST

00:52:05.758 [pool-3-thread-2] INFO net.thucydides.core.reports.ReportService - net.thucydides.core.reports.html.HtmlAcceptanceTestReporter@575d3fa1: Generating report for test outcome: Crear y Buscar Pedidos de PetStore:Buscar Pedido //GET

00:52:05.758 [pool-3-thread-1] INFO net.thucydides.core.reports.ReportService - net.thucydides.core.reports.html.HtmlAcceptanceTestReporter@575d3fa1: Generating report for test outcome: Crear y Buscar Pedidos de PetStore:Realizar un Pedido //POST

00:52:05.800 [pool-3-thread-2] DEBUG net.thucydides.core.requirements.model.cucumber.CucumberParser - Added feature Crear y Buscar Pedidos de PetStore

00:52:05.807 [pool-3-thread-1] DEBUG net.thucydides.core.requirements.BaseRequirementsService - Requirement found for test outcome Realizar un Pedido //POST-[]: Optional[Requirement{name='Crear y Buscar Pedidos de PetStore', type='feature' parent = 'null', cardNumber='null'}]

00:52:05.807 [pool-3-thread-2] DEBUG net.thucydides.core.requirements.BaseRequirementsService - Requirement found for test outcome Buscar Pedido //GET-[]: Optional[Requirement{name='Crear y Buscar Pedidos de PetStore', type='feature' parent = 'null', cardNumber='null'}]

00:52:05.808 [pool-3-thread-1] DEBUG net.thucydides.core.requirements.BaseRequirementsService - Requirement found for test outcome Realizar un Pedido //POST-[]: Optional[Requirement{name='Crear y Buscar Pedidos de PetStore', type='feature' parent = 'null', cardNumber='null'}]

00:52:05.808 [pool-3-thread-2] DEBUG net.thucydides.core.requirements.BaseRequirementsService - Requirement found for test outcome Buscar Pedido //GET-[]: Optional[Requirement{name='Crear y Buscar Pedidos de PetStore', type='feature' parent = 'null', cardNumber='null'}]

00:52:06.304 [pool-3-thread-2] DEBUG serenity.reporting - Generating report in 8f5197a85b3345282de48293a110729b404ef83c22bb6b2dbc017229b9c504ac.html

00:52:06.304 [pool-3-thread-1] DEBUG serenity.reporting - Generating report in bdb053935def29ad05e887547756a49c7e72f6108f8dbda4f4ee207e4bc93828.html

00:52:06.688 [pool-3-thread-2] DEBUG serenity.reporting - Generated report 8f5197a85b3345282de48293a110729b404ef83c22bb6b2dbc017229b9c504ac.html in 384 ms

00:52:06.689 [pool-3-thread-2] DEBUG net.thucydides.core.reports.ReportService - Processing test outcome Crear y Buscar Pedidos de PetStore:Buscar Pedido //GET done

00:52:06.690 [pool-3-thread-1] DEBUG serenity.reporting - Generated report bdb053935def29ad05e887547756a49c7e72f6108f8dbda4f4ee207e4bc93828.html in 386 ms

00:52:06.690 [pool-3-thread-1] DEBUG net.thucydides.core.reports.ReportService - Processing test outcome Crear y Buscar Pedidos de PetStore:Realizar un Pedido //POST done

00:52:06.690 [pool-2-thread-1] DEBUG net.thucydides.core.reports.ReportService - Shutting down executor service

00:52:06.691 [pool-2-thread-1] DEBUG net.thucydides.core.reports.ReportService - Reports generated in: 933 ms

00:52:06.950 [pool-2-thread-1] INFO io.cucumber.core.plugin.SerenityReporter - Cleanup test resources for URI classpath:features/GET_POST.feature


@Feature @crearPedido
Scenario Outline: Realizar un Pedido //POST                                                                           &amp#27;[90m# features/GET_POST.feature:17&amp#27;[0m
00:51:55.371 [pool-2-thread-1] INFO io.cucumber.core.plugin.SerenityReporter - Running feature from classpath:features/GET_POST.feature
00:51:55.432 [pool-2-thread-1] INFO  - 
  _____   ___   ___   _____     ___   _____     _     ___   _____   ___   ___  
 |_   _| | __| / __| |_   _|   / __| |_   _|   /_\   | _ \ |_   _| | __| |   \ 
   | |   | _|  \__ \   | |     \__ \   | |    / _ \  |   /   | |   | _|  | |) |
   |_|   |___| |___/   |_|     |___/   |_|   /_/ \_\ |_|_\   |_|   |___| |___/ 

Realizar un Pedido //POST(crear-y-buscar-pedidos-de-petstore;realizar-un-pedido-//post)
--------------------------------------------------------------------------------
00:51:55.495 [pool-2-thread-1] DEBUG net.thucydides.core.requirements.model.cucumber.CucumberParser - Added feature Crear y Buscar Pedidos de PetStore
00:51:55.799 [pool-2-thread-1] DEBUG net.thucydides.core.steps.StepInterceptor - STARTING STEP: CrearUsuarioStepsDefs.creoElPedidoConIdPetIdQuantityShipDateStatusComplete - Crear pedido {1} en PetStore
Request method:	POST
Request URI:	https://petstore.swagger.io/v2/store/order
Proxy:			<none>
Request params:	<none>
Query params:	<none>
Form params:	<none>
Path params:	<none>
Headers:		Accept=*/*
				Content-Type=application/json; charset=UTF-8
Cookies:		<none>
Multiparts:		<none>
Body:
{
    "id": 100,
    "petId": 123,
    "quantity": 1,
    "shipDate": "2021-08-25",
    "status": "placed",
    "complete": true
}
HTTP/1.1 200 OK
Date: Mon, 26 Aug 2024 05:51:58 GMT
Content-Type: application/json
Transfer-Encoding: chunked
Connection: keep-alive
Access-Control-Allow-Origin: *
Access-Control-Allow-Methods: GET, POST, DELETE, PUT
Access-Control-Allow-Headers: Content-Type, api_key, Authorization
Server: Jetty(9.2.9.v20150224)

{
    "id": 100,
    "petId": 123,
    "quantity": 1,
    "shipDate": "2021-08-25T00:00:00.000+0000",
    "status": "placed",
    "complete": true
}
00:51:58.576 [pool-2-thread-1] DEBUG net.thucydides.core.steps.StepInterceptor - STEP DONE: Crear pedido {1} en PetStore
  &amp#27;[32mWhen &amp#27;[0m&amp#27;[32mcreo el pedido con id &amp#27;[0m&amp#27;[32m&amp#27;[1m"100"&amp#27;[0m&amp#27;[32m, petId &amp#27;[0m&amp#27;[32m&amp#27;[1m"123"&amp#27;[0m&amp#27;[32m, quantity &amp#27;[0m&amp#27;[32m&amp#27;[1m"1"&amp#27;[0m&amp#27;[32m,shipDate &amp#27;[0m&amp#27;[32m&amp#27;[1m"2021-08-25"&amp#27;[0m&amp#27;[32m, status &amp#27;[0m&amp#27;[32m&amp#27;[1m"placed"&amp#27;[0m&amp#27;[32m, complete &amp#27;[0m&amp#27;[32m&amp#27;[1m"true"&amp#27;[0m &amp#27;[90m# com.nttdata.glue.CrearUsuarioStepsDefs.creoElPedidoConIdPetIdQuantityShipDateStatusComplete(java.lang.String,java.lang.String,java.lang.String,java.lang.String,java.lang.String,java.lang.String)&amp#27;[0m
  &amp#27;[32mThen &amp#27;[0m&amp#27;[32mel cÃ³digo de respuesta es &amp#27;[0m&amp#27;[32m&amp#27;[1m200&amp#27;[0m                                                                                  &amp#27;[90m# com.nttdata.glue.CrearUsuarioStepsDefs.elCÃ³digoDeRespuestaEs(int)&amp#27;[0m
  &amp#27;[32mAnd &amp#27;[0m&amp#27;[32mel id del pedido es &amp#27;[0m&amp#27;[32m&amp#27;[1m"100"&amp#27;[0m                                                                                       &amp#27;[90m# com.nttdata.glue.CrearUsuarioStepsDefs.elIdDelPedidoEs(java.lang.String)&amp#27;[0m
  &amp#27;[32mAnd &amp#27;[0m&amp#27;[32mel Petid del pedido es &amp#27;[0m&amp#27;[32m&amp#27;[1m"123"&amp#27;[0m                                                                                    &amp#27;[90m# com.nttdata.glue.CrearUsuarioStepsDefs.validarPetID(java.lang.String)&amp#27;[0m
  &amp#27;[32mAnd &amp#27;[0m&amp#27;[32mla cantidad del pedido es &amp#27;[0m&amp#27;[32m&amp#27;[1m"1"&amp#27;[0m                                                                                   &amp#27;[90m# com.nttdata.glue.CrearUsuarioStepsDefs.validarQuantity(java.lang.String)&amp#27;[0m
00:51:59.301 [pool-2-thread-1] INFO  - 
  _____   ___   ___   _____     ___     _     ___   ___   ___   ___  
 |_   _| | __| / __| |_   _|   | _ \   /_\   / __| / __| | __| |   \ 
   | |   | _|  \__ \   | |     |  _/  / _ \  \__ \ \__ \ | _|  | |) |
   |_|   |___| |___/   |_|     |_|   /_/ \_\ |___/ |___/ |___| |___/ 

Realizar un Pedido //POST
----------------------------------------------------------------------
]]></system-out>
  </testcase>
  <testcase name="Realizar un Pedido //POST #2" classname="Crear y Buscar Pedidos de PetStore" time="0.593">
    <system-out><![CDATA[
@Feature @crearPedido
Scenario Outline: Realizar un Pedido //POST                                                                           &amp#27;[90m# features/GET_POST.feature:18&amp#27;[0m
00:51:59.308 [pool-2-thread-1] INFO io.cucumber.core.plugin.SerenityReporter - Running feature from classpath:features/GET_POST.feature
00:51:59.318 [pool-2-thread-1] DEBUG net.thucydides.core.steps.StepInterceptor - STARTING STEP: CrearUsuarioStepsDefs.creoElPedidoConIdPetIdQuantityShipDateStatusComplete - Crear pedido {1} en PetStore
Request method:	POST
Request URI:	https://petstore.swagger.io/v2/store/order
Proxy:			<none>
Request params:	<none>
Query params:	<none>
Form params:	<none>
Path params:	<none>
Headers:		Accept=*/*
				Content-Type=application/json; charset=UTF-8
Cookies:		<none>
Multiparts:		<none>
Body:
{
    "id": 101,
    "petId": 456,
    "quantity": 2,
    "shipDate": "2021-08-25",
    "status": "placed",
    "complete": true
}
HTTP/1.1 200 OK
Date: Mon, 26 Aug 2024 05:51:59 GMT
Content-Type: application/json
Transfer-Encoding: chunked
Connection: keep-alive
Access-Control-Allow-Origin: *
Access-Control-Allow-Methods: GET, POST, DELETE, PUT
Access-Control-Allow-Headers: Content-Type, api_key, Authorization
Server: Jetty(9.2.9.v20150224)

{
    "id": 101,
    "petId": 456,
    "quantity": 2,
    "shipDate": "2021-08-25T00:00:00.000+0000",
    "status": "placed",
    "complete": true
}
00:51:59.838 [pool-2-thread-1] DEBUG net.thucydides.core.steps.StepInterceptor - STEP DONE: Crear pedido {1} en PetStore
  &amp#27;[32mWhen &amp#27;[0m&amp#27;[32mcreo el pedido con id &amp#27;[0m&amp#27;[32m&amp#27;[1m"101"&amp#27;[0m&amp#27;[32m, petId &amp#27;[0m&amp#27;[32m&amp#27;[1m"456"&amp#27;[0m&amp#27;[32m, quantity &amp#27;[0m&amp#27;[32m&amp#27;[1m"2"&amp#27;[0m&amp#27;[32m,shipDate &amp#27;[0m&amp#27;[32m&amp#27;[1m"2021-08-25"&amp#27;[0m&amp#27;[32m, status &amp#27;[0m&amp#27;[32m&amp#27;[1m"placed"&amp#27;[0m&amp#27;[32m, complete &amp#27;[0m&amp#27;[32m&amp#27;[1m"true"&amp#27;[0m &amp#27;[90m# com.nttdata.glue.CrearUsuarioStepsDefs.creoElPedidoConIdPetIdQuantityShipDateStatusComplete(java.lang.String,java.lang.String,java.lang.String,java.lang.String,java.lang.String,java.lang.String)&amp#27;[0m
  &amp#27;[32mThen &amp#27;[0m&amp#27;[32mel cÃ³digo de respuesta es &amp#27;[0m&amp#27;[32m&amp#27;[1m200&amp#27;[0m                                                                                  &amp#27;[90m# com.nttdata.glue.CrearUsuarioStepsDefs.elCÃ³digoDeRespuestaEs(int)&amp#27;[0m
  &amp#27;[32mAnd &amp#27;[0m&amp#27;[32mel id del pedido es &amp#27;[0m&amp#27;[32m&amp#27;[1m"101"&amp#27;[0m                                                                                       &amp#27;[90m# com.nttdata.glue.CrearUsuarioStepsDefs.elIdDelPedidoEs(java.lang.String)&amp#27;[0m
  &amp#27;[32mAnd &amp#27;[0m&amp#27;[32mel Petid del pedido es &amp#27;[0m&amp#27;[32m&amp#27;[1m"456"&amp#27;[0m                                                                                    &amp#27;[90m# com.nttdata.glue.CrearUsuarioStepsDefs.validarPetID(java.lang.String)&amp#27;[0m
  &amp#27;[32mAnd &amp#27;[0m&amp#27;[32mla cantidad del pedido es &amp#27;[0m&amp#27;[32m&amp#27;[1m"2"&amp#27;[0m                                                                                   &amp#27;[90m# com.nttdata.glue.CrearUsuarioStepsDefs.validarQuantity(java.lang.String)&amp#27;[0m
00:51:59.897 [pool-2-thread-1] INFO  - 
  _____   ___   ___   _____     ___     _     ___   ___   ___   ___  
 |_   _| | __| / __| |_   _|   | _ \   /_\   / __| / __| | __| |   \ 
   | |   | _|  \__ \   | |     |  _/  / _ \  \__ \ \__ \ | _|  | |) |
   |_|   |___| |___/   |_|     |_|   /_/ \_\ |___/ |___/ |___| |___/ 

Realizar un Pedido //POST
----------------------------------------------------------------------
]]></system-out>
  </testcase>
  <testcase name="Realizar un Pedido //POST #3" classname="Crear y Buscar Pedidos de PetStore" time="0.601">
    <system-out><![CDATA[
@Feature @crearPedido
Scenario Outline: Realizar un Pedido //POST                                                                           &amp#27;[90m# features/GET_POST.feature:19&amp#27;[0m
00:51:59.902 [pool-2-thread-1] INFO io.cucumber.core.plugin.SerenityReporter - Running feature from classpath:features/GET_POST.feature
00:51:59.911 [pool-2-thread-1] DEBUG net.thucydides.core.steps.StepInterceptor - STARTING STEP: CrearUsuarioStepsDefs.creoElPedidoConIdPetIdQuantityShipDateStatusComplete - Crear pedido {1} en PetStore
Request method:	POST
Request URI:	https://petstore.swagger.io/v2/store/order
Proxy:			<none>
Request params:	<none>
Query params:	<none>
Form params:	<none>
Path params:	<none>
Headers:		Accept=*/*
				Content-Type=application/json; charset=UTF-8
Cookies:		<none>
Multiparts:		<none>
Body:
{
    "id": 102,
    "petId": 789,
    "quantity": 5,
    "shipDate": "2021-08-25",
    "status": "placed",
    "complete": true
}
HTTP/1.1 200 OK
Date: Mon, 26 Aug 2024 05:52:00 GMT
Content-Type: application/json
Transfer-Encoding: chunked
Connection: keep-alive
Access-Control-Allow-Origin: *
Access-Control-Allow-Methods: GET, POST, DELETE, PUT
Access-Control-Allow-Headers: Content-Type, api_key, Authorization
Server: Jetty(9.2.9.v20150224)

{
    "id": 102,
    "petId": 789,
    "quantity": 5,
    "shipDate": "2021-08-25T00:00:00.000+0000",
    "status": "placed",
    "complete": true
}
00:52:00.444 [pool-2-thread-1] DEBUG net.thucydides.core.steps.StepInterceptor - STEP DONE: Crear pedido {1} en PetStore
  &amp#27;[32mWhen &amp#27;[0m&amp#27;[32mcreo el pedido con id &amp#27;[0m&amp#27;[32m&amp#27;[1m"102"&amp#27;[0m&amp#27;[32m, petId &amp#27;[0m&amp#27;[32m&amp#27;[1m"789"&amp#27;[0m&amp#27;[32m, quantity &amp#27;[0m&amp#27;[32m&amp#27;[1m"5"&amp#27;[0m&amp#27;[32m,shipDate &amp#27;[0m&amp#27;[32m&amp#27;[1m"2021-08-25"&amp#27;[0m&amp#27;[32m, status &amp#27;[0m&amp#27;[32m&amp#27;[1m"placed"&amp#27;[0m&amp#27;[32m, complete &amp#27;[0m&amp#27;[32m&amp#27;[1m"true"&amp#27;[0m &amp#27;[90m# com.nttdata.glue.CrearUsuarioStepsDefs.creoElPedidoConIdPetIdQuantityShipDateStatusComplete(java.lang.String,java.lang.String,java.lang.String,java.lang.String,java.lang.String,java.lang.String)&amp#27;[0m
  &amp#27;[32mThen &amp#27;[0m&amp#27;[32mel cÃ³digo de respuesta es &amp#27;[0m&amp#27;[32m&amp#27;[1m200&amp#27;[0m                                                                                  &amp#27;[90m# com.nttdata.glue.CrearUsuarioStepsDefs.elCÃ³digoDeRespuestaEs(int)&amp#27;[0m
  &amp#27;[32mAnd &amp#27;[0m&amp#27;[32mel id del pedido es &amp#27;[0m&amp#27;[32m&amp#27;[1m"102"&amp#27;[0m                                                                                       &amp#27;[90m# com.nttdata.glue.CrearUsuarioStepsDefs.elIdDelPedidoEs(java.lang.String)&amp#27;[0m
  &amp#27;[32mAnd &amp#27;[0m&amp#27;[32mel Petid del pedido es &amp#27;[0m&amp#27;[32m&amp#27;[1m"789"&amp#27;[0m                                                                                    &amp#27;[90m# com.nttdata.glue.CrearUsuarioStepsDefs.validarPetID(java.lang.String)&amp#27;[0m
  &amp#27;[32mAnd &amp#27;[0m&amp#27;[32mla cantidad del pedido es &amp#27;[0m&amp#27;[32m&amp#27;[1m"5"&amp#27;[0m                                                                                   &amp#27;[90m# com.nttdata.glue.CrearUsuarioStepsDefs.validarQuantity(java.lang.String)&amp#27;[0m
]]></system-out>
  </testcase>
  <testcase name="Realizar un Pedido //POST #4" classname="Crear y Buscar Pedidos de PetStore" time="0.582">
    <system-out><![CDATA[
@Feature @crearPedido
Scenario Outline: Realizar un Pedido //POST                                                                           &amp#27;[90m# features/GET_POST.feature:20&amp#27;[0m
00:52:00.502 [pool-2-thread-1] INFO io.cucumber.core.plugin.SerenityReporter - Running feature from classpath:features/GET_POST.feature
00:52:00.509 [pool-2-thread-1] DEBUG net.thucydides.core.steps.StepInterceptor - STARTING STEP: CrearUsuarioStepsDefs.creoElPedidoConIdPetIdQuantityShipDateStatusComplete - Crear pedido {1} en PetStore
Request method:	POST
Request URI:	https://petstore.swagger.io/v2/store/order
Proxy:			<none>
Request params:	<none>
Query params:	<none>
Form params:	<none>
Path params:	<none>
Headers:		Accept=*/*
				Content-Type=application/json; charset=UTF-8
Cookies:		<none>
Multiparts:		<none>
Body:
{
    "id": 103,
    "petId": 111,
    "quantity": 8,
    "shipDate": "2021-08-25",
    "status": "placed",
    "complete": true
}
HTTP/1.1 200 OK
Date: Mon, 26 Aug 2024 05:52:00 GMT
Content-Type: application/json
Transfer-Encoding: chunked
Connection: keep-alive
Access-Control-Allow-Origin: *
Access-Control-Allow-Methods: GET, POST, DELETE, PUT
Access-Control-Allow-Headers: Content-Type, api_key, Authorization
Server: Jetty(9.2.9.v20150224)

{
    "id": 103,
    "petId": 111,
    "quantity": 8,
    "shipDate": "2021-08-25T00:00:00.000+0000",
    "status": "placed",
    "complete": true
}
00:52:01.028 [pool-2-thread-1] DEBUG net.thucydides.core.steps.StepInterceptor - STEP DONE: Crear pedido {1} en PetStore
  &amp#27;[32mWhen &amp#27;[0m&amp#27;[32mcreo el pedido con id &amp#27;[0m&amp#27;[32m&amp#27;[1m"103"&amp#27;[0m&amp#27;[32m, petId &amp#27;[0m&amp#27;[32m&amp#27;[1m"111"&amp#27;[0m&amp#27;[32m, quantity &amp#27;[0m&amp#27;[32m&amp#27;[1m"8"&amp#27;[0m&amp#27;[32m,shipDate &amp#27;[0m&amp#27;[32m&amp#27;[1m"2021-08-25"&amp#27;[0m&amp#27;[32m, status &amp#27;[0m&amp#27;[32m&amp#27;[1m"placed"&amp#27;[0m&amp#27;[32m, complete &amp#27;[0m&amp#27;[32m&amp#27;[1m"true"&amp#27;[0m &amp#27;[90m# com.nttdata.glue.CrearUsuarioStepsDefs.creoElPedidoConIdPetIdQuantityShipDateStatusComplete(java.lang.String,java.lang.String,java.lang.String,java.lang.String,java.lang.String,java.lang.String)&amp#27;[0m
  &amp#27;[32mThen &amp#27;[0m&amp#27;[32mel cÃ³digo de respuesta es &amp#27;[0m&amp#27;[32m&amp#27;[1m200&amp#27;[0m                                                                                  &amp#27;[90m# com.nttdata.glue.CrearUsuarioStepsDefs.elCÃ³digoDeRespuestaEs(int)&amp#27;[0m
  &amp#27;[32mAnd &amp#27;[0m&amp#27;[32mel id del pedido es &amp#27;[0m&amp#27;[32m&amp#27;[1m"103"&amp#27;[0m                                                                                       &amp#27;[90m# com.nttdata.glue.CrearUsuarioStepsDefs.elIdDelPedidoEs(java.lang.String)&amp#27;[0m
  &amp#27;[32mAnd &amp#27;[0m&amp#27;[32mel Petid del pedido es &amp#27;[0m&amp#27;[32m&amp#27;[1m"111"&amp#27;[0m                                                                                    &amp#27;[90m# com.nttdata.glue.CrearUsuarioStepsDefs.validarPetID(java.lang.String)&amp#27;[0m
  &amp#27;[32mAnd &amp#27;[0m&amp#27;[32mla cantidad del pedido es &amp#27;[0m&amp#27;[32m&amp#27;[1m"8"&amp#27;[0m                                                                                   &amp#27;[90m# com.nttdata.glue.CrearUsuarioStepsDefs.validarQuantity(java.lang.String)&amp#27;[0m
]]></system-out>
  </testcase>
  <testcase name="Realizar un Pedido //POST #5" classname="Crear y Buscar Pedidos de PetStore" time="0.569">
    <system-out><![CDATA[
@Feature @crearPedido
Scenario Outline: Realizar un Pedido //POST                                                                           &amp#27;[90m# features/GET_POST.feature:21&amp#27;[0m
00:52:01.084 [pool-2-thread-1] INFO io.cucumber.core.plugin.SerenityReporter - Running feature from classpath:features/GET_POST.feature
00:52:01.091 [pool-2-thread-1] DEBUG net.thucydides.core.steps.StepInterceptor - STARTING STEP: CrearUsuarioStepsDefs.creoElPedidoConIdPetIdQuantityShipDateStatusComplete - Crear pedido {1} en PetStore
Request method:	POST
Request URI:	https://petstore.swagger.io/v2/store/order
Proxy:			<none>
Request params:	<none>
Query params:	<none>
Form params:	<none>
Path params:	<none>
Headers:		Accept=*/*
				Content-Type=application/json; charset=UTF-8
Cookies:		<none>
Multiparts:		<none>
Body:
{
    "id": 104,
    "petId": 222,
    "quantity": 3,
    "shipDate": "2021-08-25",
    "status": "placed",
    "complete": true
}
HTTP/1.1 200 OK
Date: Mon, 26 Aug 2024 05:52:01 GMT
Content-Type: application/json
Transfer-Encoding: chunked
Connection: keep-alive
Access-Control-Allow-Origin: *
Access-Control-Allow-Methods: GET, POST, DELETE, PUT
Access-Control-Allow-Headers: Content-Type, api_key, Authorization
Server: Jetty(9.2.9.v20150224)

{
    "id": 104,
    "petId": 222,
    "quantity": 3,
    "shipDate": "2021-08-25T00:00:00.000+0000",
    "status": "placed",
    "complete": true
}
00:52:01.599 [pool-2-thread-1] DEBUG net.thucydides.core.steps.StepInterceptor - STEP DONE: Crear pedido {1} en PetStore
  &amp#27;[32mWhen &amp#27;[0m&amp#27;[32mcreo el pedido con id &amp#27;[0m&amp#27;[32m&amp#27;[1m"104"&amp#27;[0m&amp#27;[32m, petId &amp#27;[0m&amp#27;[32m&amp#27;[1m"222"&amp#27;[0m&amp#27;[32m, quantity &amp#27;[0m&amp#27;[32m&amp#27;[1m"3"&amp#27;[0m&amp#27;[32m,shipDate &amp#27;[0m&amp#27;[32m&amp#27;[1m"2021-08-25"&amp#27;[0m&amp#27;[32m, status &amp#27;[0m&amp#27;[32m&amp#27;[1m"placed"&amp#27;[0m&amp#27;[32m, complete &amp#27;[0m&amp#27;[32m&amp#27;[1m"true"&amp#27;[0m &amp#27;[90m# com.nttdata.glue.CrearUsuarioStepsDefs.creoElPedidoConIdPetIdQuantityShipDateStatusComplete(java.lang.String,java.lang.String,java.lang.String,java.lang.String,java.lang.String,java.lang.String)&amp#27;[0m
  &amp#27;[32mThen &amp#27;[0m&amp#27;[32mel cÃ³digo de respuesta es &amp#27;[0m&amp#27;[32m&amp#27;[1m200&amp#27;[0m                                                                                  &amp#27;[90m# com.nttdata.glue.CrearUsuarioStepsDefs.elCÃ³digoDeRespuestaEs(int)&amp#27;[0m
  &amp#27;[32mAnd &amp#27;[0m&amp#27;[32mel id del pedido es &amp#27;[0m&amp#27;[32m&amp#27;[1m"104"&amp#27;[0m                                                                                       &amp#27;[90m# com.nttdata.glue.CrearUsuarioStepsDefs.elIdDelPedidoEs(java.lang.String)&amp#27;[0m
  &amp#27;[32mAnd &amp#27;[0m&amp#27;[32mel Petid del pedido es &amp#27;[0m&amp#27;[32m&amp#27;[1m"222"&amp#27;[0m                                                                                    &amp#27;[90m# com.nttdata.glue.CrearUsuarioStepsDefs.validarPetID(java.lang.String)&amp#27;[0m
  &amp#27;[32mAnd &amp#27;[0m&amp#27;[32mla cantidad del pedido es &amp#27;[0m&amp#27;[32m&amp#27;[1m"3"&amp#27;[0m                                                                                   &amp#27;[90m# com.nttdata.glue.CrearUsuarioStepsDefs.validarQuantity(java.lang.String)&amp#27;[0m
]]></system-out>
  </testcase>
  <testcase name="Realizar un Pedido //POST #6" classname="Crear y Buscar Pedidos de PetStore" time="0.569">
    <system-out><![CDATA[
@Feature @crearPedido
Scenario Outline: Realizar un Pedido //POST                                                                           &amp#27;[90m# features/GET_POST.feature:22&amp#27;[0m
00:52:01.654 [pool-2-thread-1] INFO io.cucumber.core.plugin.SerenityReporter - Running feature from classpath:features/GET_POST.feature
00:52:01.663 [pool-2-thread-1] DEBUG net.thucydides.core.steps.StepInterceptor - STARTING STEP: CrearUsuarioStepsDefs.creoElPedidoConIdPetIdQuantityShipDateStatusComplete - Crear pedido {1} en PetStore
Request method:	POST
Request URI:	https://petstore.swagger.io/v2/store/order
Proxy:			<none>
Request params:	<none>
Query params:	<none>
Form params:	<none>
Path params:	<none>
Headers:		Accept=*/*
				Content-Type=application/json; charset=UTF-8
Cookies:		<none>
Multiparts:		<none>
Body:
{
    "id": 105,
    "petId": 222,
    "quantity": 3,
    "shipDate": "2021-08-25",
    "status": "placed",
    "complete": true
}
HTTP/1.1 200 OK
Date: Mon, 26 Aug 2024 05:52:01 GMT
Content-Type: application/json
Transfer-Encoding: chunked
Connection: keep-alive
Access-Control-Allow-Origin: *
Access-Control-Allow-Methods: GET, POST, DELETE, PUT
Access-Control-Allow-Headers: Content-Type, api_key, Authorization
Server: Jetty(9.2.9.v20150224)

{
    "id": 105,
    "petId": 222,
    "quantity": 3,
    "shipDate": "2021-08-25T00:00:00.000+0000",
    "status": "placed",
    "complete": true
}
00:52:02.168 [pool-2-thread-1] DEBUG net.thucydides.core.steps.StepInterceptor - STEP DONE: Crear pedido {1} en PetStore
  &amp#27;[32mWhen &amp#27;[0m&amp#27;[32mcreo el pedido con id &amp#27;[0m&amp#27;[32m&amp#27;[1m"105"&amp#27;[0m&amp#27;[32m, petId &amp#27;[0m&amp#27;[32m&amp#27;[1m"222"&amp#27;[0m&amp#27;[32m, quantity &amp#27;[0m&amp#27;[32m&amp#27;[1m"3"&amp#27;[0m&amp#27;[32m,shipDate &amp#27;[0m&amp#27;[32m&amp#27;[1m"2021-08-25"&amp#27;[0m&amp#27;[32m, status &amp#27;[0m&amp#27;[32m&amp#27;[1m"placed"&amp#27;[0m&amp#27;[32m, complete &amp#27;[0m&amp#27;[32m&amp#27;[1m"true"&amp#27;[0m &amp#27;[90m# com.nttdata.glue.CrearUsuarioStepsDefs.creoElPedidoConIdPetIdQuantityShipDateStatusComplete(java.lang.String,java.lang.String,java.lang.String,java.lang.String,java.lang.String,java.lang.String)&amp#27;[0m
  &amp#27;[32mThen &amp#27;[0m&amp#27;[32mel cÃ³digo de respuesta es &amp#27;[0m&amp#27;[32m&amp#27;[1m200&amp#27;[0m                                                                                  &amp#27;[90m# com.nttdata.glue.CrearUsuarioStepsDefs.elCÃ³digoDeRespuestaEs(int)&amp#27;[0m
  &amp#27;[32mAnd &amp#27;[0m&amp#27;[32mel id del pedido es &amp#27;[0m&amp#27;[32m&amp#27;[1m"105"&amp#27;[0m                                                                                       &amp#27;[90m# com.nttdata.glue.CrearUsuarioStepsDefs.elIdDelPedidoEs(java.lang.String)&amp#27;[0m
  &amp#27;[32mAnd &amp#27;[0m&amp#27;[32mel Petid del pedido es &amp#27;[0m&amp#27;[32m&amp#27;[1m"222"&amp#27;[0m                                                                                    &amp#27;[90m# com.nttdata.glue.CrearUsuarioStepsDefs.validarPetID(java.lang.String)&amp#27;[0m
  &amp#27;[32mAnd &amp#27;[0m&amp#27;[32mla cantidad del pedido es &amp#27;[0m&amp#27;[32m&amp#27;[1m"3"&amp#27;[0m                                                                                   &amp#27;[90m# com.nttdata.glue.CrearUsuarioStepsDefs.validarQuantity(java.lang.String)&amp#27;[0m
]]></system-out>
  </testcase>
  <testcase name="Buscar Pedido //GET #1" classname="Crear y Buscar Pedidos de PetStore" time="0.589">
    <system-out><![CDATA[
@Feature @BuscarPedido
Scenario Outline: Buscar Pedido //GET                                            &amp#27;[90m# features/GET_POST.feature:36&amp#27;[0m
00:52:02.224 [pool-2-thread-1] INFO io.cucumber.core.plugin.SerenityReporter - Running feature from classpath:features/GET_POST.feature
00:52:02.225 [pool-2-thread-1] INFO  - 
  _____   ___   ___   _____     ___   _____     _     ___   _____   ___   ___  
 |_   _| | __| / __| |_   _|   / __| |_   _|   /_\   | _ \ |_   _| | __| |   \ 
   | |   | _|  \__ \   | |     \__ \   | |    / _ \  |   /   | |   | _|  | |) |
   |_|   |___| |___/   |_|     |___/   |_|   /_/ \_\ |_|_\   |_|   |___| |___/ 

Buscar Pedido //GET(crear-y-buscar-pedidos-de-petstore;buscar-pedido-//get)
--------------------------------------------------------------------------------
  &amp#27;[32mGiven &amp#27;[0m&amp#27;[32mel usuario ingresa a la url &amp#27;[0m&amp#27;[32m&amp#27;[1m"https://petstore.swagger.io/v2/store/order"&amp#27;[0m &amp#27;[90m# com.nttdata.glue.CrearUsuarioStepsDefs.elUsuarioIngresaALaUrl(java.lang.String)&amp#27;[0m
Request method:	GET
Request URI:	https://petstore.swagger.io/v2/store/order/100
Proxy:			<none>
Request params:	<none>
Query params:	<none>
Form params:	<none>
Path params:	<none>
Headers:		Accept=*/*
				Content-Type=application/json; charset=UTF-8
Cookies:		<none>
Multiparts:		<none>
Body:			<none>
HTTP/1.1 200 OK
Date: Mon, 26 Aug 2024 05:52:02 GMT
Content-Type: application/json
Transfer-Encoding: chunked
Connection: keep-alive
Access-Control-Allow-Origin: *
Access-Control-Allow-Methods: GET, POST, DELETE, PUT
Access-Control-Allow-Headers: Content-Type, api_key, Authorization
Server: Jetty(9.2.9.v20150224)

{
    "id": 100,
    "petId": 123,
    "quantity": 1,
    "shipDate": "2021-08-25T00:00:00.000+0000",
    "status": "placed",
    "complete": true
}
  &amp#27;[32mWhen &amp#27;[0m&amp#27;[32mbusca el pedido con id &amp#27;[0m&amp#27;[32m&amp#27;[1m"100"&amp#27;[0m                                              &amp#27;[90m# com.nttdata.glue.CrearUsuarioStepsDefs.buscaElPedidoConId(java.lang.String)&amp#27;[0m
  &amp#27;[32mThen &amp#27;[0m&amp#27;[32mel cÃ³digo de respuesta es &amp#27;[0m&amp#27;[32m&amp#27;[1m200&amp#27;[0m                                             &amp#27;[90m# com.nttdata.glue.CrearUsuarioStepsDefs.elCÃ³digoDeRespuestaEs(int)&amp#27;[0m
  &amp#27;[32mAnd &amp#27;[0m&amp#27;[32mel id del pedido es &amp#27;[0m&amp#27;[32m&amp#27;[1m"100"&amp#27;[0m                                                  &amp#27;[90m# com.nttdata.glue.CrearUsuarioStepsDefs.elIdDelPedidoEs(java.lang.String)&amp#27;[0m
  &amp#27;[32mAnd &amp#27;[0m&amp#27;[32mel Petid del pedido es &amp#27;[0m&amp#27;[32m&amp#27;[1m"123"&amp#27;[0m                                               &amp#27;[90m# com.nttdata.glue.CrearUsuarioStepsDefs.validarPetID(java.lang.String)&amp#27;[0m
  &amp#27;[32mAnd &amp#27;[0m&amp#27;[32mla cantidad del pedido es &amp#27;[0m&amp#27;[32m&amp#27;[1m"1"&amp#27;[0m                                              &amp#27;[90m# com.nttdata.glue.CrearUsuarioStepsDefs.validarQuantity(java.lang.String)&amp#27;[0m
00:52:02.808 [pool-2-thread-1] INFO  - 
  _____   ___   ___   _____     ___     _     ___   ___   ___   ___  
 |_   _| | __| / __| |_   _|   | _ \   /_\   / __| / __| | __| |   \ 
   | |   | _|  \__ \   | |     |  _/  / _ \  \__ \ \__ \ | _|  | |) |
   |_|   |___| |___/   |_|     |_|   /_/ \_\ |___/ |___/ |___| |___/ 

Buscar Pedido //GET
----------------------------------------------------------------------
]]></system-out>
  </testcase>
  <testcase name="Buscar Pedido //GET #2" classname="Crear y Buscar Pedidos de PetStore" time="0.552">
    <system-out><![CDATA[
@Feature @BuscarPedido
Scenario Outline: Buscar Pedido //GET                                            &amp#27;[90m# features/GET_POST.feature:37&amp#27;[0m
00:52:02.812 [pool-2-thread-1] INFO io.cucumber.core.plugin.SerenityReporter - Running feature from classpath:features/GET_POST.feature
  &amp#27;[32mGiven &amp#27;[0m&amp#27;[32mel usuario ingresa a la url &amp#27;[0m&amp#27;[32m&amp#27;[1m"https://petstore.swagger.io/v2/store/order"&amp#27;[0m &amp#27;[90m# com.nttdata.glue.CrearUsuarioStepsDefs.elUsuarioIngresaALaUrl(java.lang.String)&amp#27;[0m
Request method:	GET
Request URI:	https://petstore.swagger.io/v2/store/order/101
Proxy:			<none>
Request params:	<none>
Query params:	<none>
Form params:	<none>
Path params:	<none>
Headers:		Accept=*/*
				Content-Type=application/json; charset=UTF-8
Cookies:		<none>
Multiparts:		<none>
Body:			<none>
HTTP/1.1 200 OK
Date: Mon, 26 Aug 2024 05:52:02 GMT
Content-Type: application/json
Transfer-Encoding: chunked
Connection: keep-alive
Access-Control-Allow-Origin: *
Access-Control-Allow-Methods: GET, POST, DELETE, PUT
Access-Control-Allow-Headers: Content-Type, api_key, Authorization
Server: Jetty(9.2.9.v20150224)

{
    "id": 101,
    "petId": 456,
    "quantity": 2,
    "shipDate": "2021-08-25T00:00:00.000+0000",
    "status": "placed",
    "complete": true
}
  &amp#27;[32mWhen &amp#27;[0m&amp#27;[32mbusca el pedido con id &amp#27;[0m&amp#27;[32m&amp#27;[1m"101"&amp#27;[0m                                              &amp#27;[90m# com.nttdata.glue.CrearUsuarioStepsDefs.buscaElPedidoConId(java.lang.String)&amp#27;[0m
  &amp#27;[32mThen &amp#27;[0m&amp#27;[32mel cÃ³digo de respuesta es &amp#27;[0m&amp#27;[32m&amp#27;[1m200&amp#27;[0m                                             &amp#27;[90m# com.nttdata.glue.CrearUsuarioStepsDefs.elCÃ³digoDeRespuestaEs(int)&amp#27;[0m
  &amp#27;[32mAnd &amp#27;[0m&amp#27;[32mel id del pedido es &amp#27;[0m&amp#27;[32m&amp#27;[1m"101"&amp#27;[0m                                                  &amp#27;[90m# com.nttdata.glue.CrearUsuarioStepsDefs.elIdDelPedidoEs(java.lang.String)&amp#27;[0m
  &amp#27;[32mAnd &amp#27;[0m&amp#27;[32mel Petid del pedido es &amp#27;[0m&amp#27;[32m&amp#27;[1m"456"&amp#27;[0m                                               &amp#27;[90m# com.nttdata.glue.CrearUsuarioStepsDefs.validarPetID(java.lang.String)&amp#27;[0m
  &amp#27;[32mAnd &amp#27;[0m&amp#27;[32mla cantidad del pedido es &amp#27;[0m&amp#27;[32m&amp#27;[1m"2"&amp#27;[0m                                              &amp#27;[90m# com.nttdata.glue.CrearUsuarioStepsDefs.validarQuantity(java.lang.String)&amp#27;[0m
00:52:03.360 [pool-2-thread-1] INFO  - 
  _____   ___   ___   _____     ___     _     ___   ___   ___   ___  
 |_   _| | __| / __| |_   _|   | _ \   /_\   / __| / __| | __| |   \ 
   | |   | _|  \__ \   | |     |  _/  / _ \  \__ \ \__ \ | _|  | |) |
   |_|   |___| |___/   |_|     |_|   /_/ \_\ |___/ |___/ |___| |___/ 

Buscar Pedido //GET
----------------------------------------------------------------------
]]></system-out>
  </testcase>
  <testcase name="Buscar Pedido //GET #3" classname="Crear y Buscar Pedidos de PetStore" time="0.549">
    <system-out><![CDATA[
@Feature @BuscarPedido
Scenario Outline: Buscar Pedido //GET                                            &amp#27;[90m# features/GET_POST.feature:38&amp#27;[0m
00:52:03.364 [pool-2-thread-1] INFO io.cucumber.core.plugin.SerenityReporter - Running feature from classpath:features/GET_POST.feature
  &amp#27;[32mGiven &amp#27;[0m&amp#27;[32mel usuario ingresa a la url &amp#27;[0m&amp#27;[32m&amp#27;[1m"https://petstore.swagger.io/v2/store/order"&amp#27;[0m &amp#27;[90m# com.nttdata.glue.CrearUsuarioStepsDefs.elUsuarioIngresaALaUrl(java.lang.String)&amp#27;[0m
Request method:	GET
Request URI:	https://petstore.swagger.io/v2/store/order/102
Proxy:			<none>
Request params:	<none>
Query params:	<none>
Form params:	<none>
Path params:	<none>
Headers:		Accept=*/*
				Content-Type=application/json; charset=UTF-8
Cookies:		<none>
Multiparts:		<none>
Body:			<none>
HTTP/1.1 200 OK
Date: Mon, 26 Aug 2024 05:52:03 GMT
Content-Type: application/json
Transfer-Encoding: chunked
Connection: keep-alive
Access-Control-Allow-Origin: *
Access-Control-Allow-Methods: GET, POST, DELETE, PUT
Access-Control-Allow-Headers: Content-Type, api_key, Authorization
Server: Jetty(9.2.9.v20150224)

{
    "id": 102,
    "petId": 789,
    "quantity": 5,
    "shipDate": "2021-08-25T00:00:00.000+0000",
    "status": "placed",
    "complete": true
}
  &amp#27;[32mWhen &amp#27;[0m&amp#27;[32mbusca el pedido con id &amp#27;[0m&amp#27;[32m&amp#27;[1m"102"&amp#27;[0m                                              &amp#27;[90m# com.nttdata.glue.CrearUsuarioStepsDefs.buscaElPedidoConId(java.lang.String)&amp#27;[0m
  &amp#27;[32mThen &amp#27;[0m&amp#27;[32mel cÃ³digo de respuesta es &amp#27;[0m&amp#27;[32m&amp#27;[1m200&amp#27;[0m                                             &amp#27;[90m# com.nttdata.glue.CrearUsuarioStepsDefs.elCÃ³digoDeRespuestaEs(int)&amp#27;[0m
  &amp#27;[32mAnd &amp#27;[0m&amp#27;[32mel id del pedido es &amp#27;[0m&amp#27;[32m&amp#27;[1m"102"&amp#27;[0m                                                  &amp#27;[90m# com.nttdata.glue.CrearUsuarioStepsDefs.elIdDelPedidoEs(java.lang.String)&amp#27;[0m
  &amp#27;[32mAnd &amp#27;[0m&amp#27;[32mel Petid del pedido es &amp#27;[0m&amp#27;[32m&amp#27;[1m"789"&amp#27;[0m                                               &amp#27;[90m# com.nttdata.glue.CrearUsuarioStepsDefs.validarPetID(java.lang.String)&amp#27;[0m
  &amp#27;[32mAnd &amp#27;[0m&amp#27;[32mla cantidad del pedido es &amp#27;[0m&amp#27;[32m&amp#27;[1m"5"&amp#27;[0m                                              &amp#27;[90m# com.nttdata.glue.CrearUsuarioStepsDefs.validarQuantity(java.lang.String)&amp#27;[0m
]]></system-out>
  </testcase>
  <testcase name="Buscar Pedido //GET #4" classname="Crear y Buscar Pedidos de PetStore" time="0.595">
    <system-out><![CDATA[
@Feature @BuscarPedido
Scenario Outline: Buscar Pedido //GET                                            &amp#27;[90m# features/GET_POST.feature:39&amp#27;[0m
00:52:03.912 [pool-2-thread-1] INFO io.cucumber.core.plugin.SerenityReporter - Running feature from classpath:features/GET_POST.feature
  &amp#27;[32mGiven &amp#27;[0m&amp#27;[32mel usuario ingresa a la url &amp#27;[0m&amp#27;[32m&amp#27;[1m"https://petstore.swagger.io/v2/store/order"&amp#27;[0m &amp#27;[90m# com.nttdata.glue.CrearUsuarioStepsDefs.elUsuarioIngresaALaUrl(java.lang.String)&amp#27;[0m
Request method:	GET
Request URI:	https://petstore.swagger.io/v2/store/order/103
Proxy:			<none>
Request params:	<none>
Query params:	<none>
Form params:	<none>
Path params:	<none>
Headers:		Accept=*/*
				Content-Type=application/json; charset=UTF-8
Cookies:		<none>
Multiparts:		<none>
Body:			<none>
HTTP/1.1 200 OK
Date: Mon, 26 Aug 2024 05:52:04 GMT
Content-Type: application/json
Transfer-Encoding: chunked
Connection: keep-alive
Access-Control-Allow-Origin: *
Access-Control-Allow-Methods: GET, POST, DELETE, PUT
Access-Control-Allow-Headers: Content-Type, api_key, Authorization
Server: Jetty(9.2.9.v20150224)

{
    "id": 103,
    "petId": 111,
    "quantity": 8,
    "shipDate": "2021-08-25T00:00:00.000+0000",
    "status": "placed",
    "complete": true
}
  &amp#27;[32mWhen &amp#27;[0m&amp#27;[32mbusca el pedido con id &amp#27;[0m&amp#27;[32m&amp#27;[1m"103"&amp#27;[0m                                              &amp#27;[90m# com.nttdata.glue.CrearUsuarioStepsDefs.buscaElPedidoConId(java.lang.String)&amp#27;[0m
  &amp#27;[32mThen &amp#27;[0m&amp#27;[32mel cÃ³digo de respuesta es &amp#27;[0m&amp#27;[32m&amp#27;[1m200&amp#27;[0m                                             &amp#27;[90m# com.nttdata.glue.CrearUsuarioStepsDefs.elCÃ³digoDeRespuestaEs(int)&amp#27;[0m
  &amp#27;[32mAnd &amp#27;[0m&amp#27;[32mel id del pedido es &amp#27;[0m&amp#27;[32m&amp#27;[1m"103"&amp#27;[0m                                                  &amp#27;[90m# com.nttdata.glue.CrearUsuarioStepsDefs.elIdDelPedidoEs(java.lang.String)&amp#27;[0m
  &amp#27;[32mAnd &amp#27;[0m&amp#27;[32mel Petid del pedido es &amp#27;[0m&amp#27;[32m&amp#27;[1m"111"&amp#27;[0m                                               &amp#27;[90m# com.nttdata.glue.CrearUsuarioStepsDefs.validarPetID(java.lang.String)&amp#27;[0m
  &amp#27;[32mAnd &amp#27;[0m&amp#27;[32mla cantidad del pedido es &amp#27;[0m&amp#27;[32m&amp#27;[1m"8"&amp#27;[0m                                              &amp#27;[90m# com.nttdata.glue.CrearUsuarioStepsDefs.validarQuantity(java.lang.String)&amp#27;[0m
]]></system-out>
  </testcase>
  <testcase name="Buscar Pedido //GET #5" classname="Crear y Buscar Pedidos de PetStore" time="0.549">
    <system-out><![CDATA[
@Feature @BuscarPedido
Scenario Outline: Buscar Pedido //GET                                            &amp#27;[90m# features/GET_POST.feature:40&amp#27;[0m
00:52:04.508 [pool-2-thread-1] INFO io.cucumber.core.plugin.SerenityReporter - Running feature from classpath:features/GET_POST.feature
  &amp#27;[32mGiven &amp#27;[0m&amp#27;[32mel usuario ingresa a la url &amp#27;[0m&amp#27;[32m&amp#27;[1m"https://petstore.swagger.io/v2/store/order"&amp#27;[0m &amp#27;[90m# com.nttdata.glue.CrearUsuarioStepsDefs.elUsuarioIngresaALaUrl(java.lang.String)&amp#27;[0m
Request method:	GET
Request URI:	https://petstore.swagger.io/v2/store/order/104
Proxy:			<none>
Request params:	<none>
Query params:	<none>
Form params:	<none>
Path params:	<none>
Headers:		Accept=*/*
				Content-Type=application/json; charset=UTF-8
Cookies:		<none>
Multiparts:		<none>
Body:			<none>
HTTP/1.1 200 OK
Date: Mon, 26 Aug 2024 05:52:04 GMT
Content-Type: application/json
Transfer-Encoding: chunked
Connection: keep-alive
Access-Control-Allow-Origin: *
Access-Control-Allow-Methods: GET, POST, DELETE, PUT
Access-Control-Allow-Headers: Content-Type, api_key, Authorization
Server: Jetty(9.2.9.v20150224)

{
    "id": 104,
    "petId": 222,
    "quantity": 3,
    "shipDate": "2021-08-25T00:00:00.000+0000",
    "status": "placed",
    "complete": true
}
  &amp#27;[32mWhen &amp#27;[0m&amp#27;[32mbusca el pedido con id &amp#27;[0m&amp#27;[32m&amp#27;[1m"104"&amp#27;[0m                                              &amp#27;[90m# com.nttdata.glue.CrearUsuarioStepsDefs.buscaElPedidoConId(java.lang.String)&amp#27;[0m
  &amp#27;[32mThen &amp#27;[0m&amp#27;[32mel cÃ³digo de respuesta es &amp#27;[0m&amp#27;[32m&amp#27;[1m200&amp#27;[0m                                             &amp#27;[90m# com.nttdata.glue.CrearUsuarioStepsDefs.elCÃ³digoDeRespuestaEs(int)&amp#27;[0m
  &amp#27;[32mAnd &amp#27;[0m&amp#27;[32mel id del pedido es &amp#27;[0m&amp#27;[32m&amp#27;[1m"104"&amp#27;[0m                                                  &amp#27;[90m# com.nttdata.glue.CrearUsuarioStepsDefs.elIdDelPedidoEs(java.lang.String)&amp#27;[0m
  &amp#27;[32mAnd &amp#27;[0m&amp#27;[32mel Petid del pedido es &amp#27;[0m&amp#27;[32m&amp#27;[1m"222"&amp#27;[0m                                               &amp#27;[90m# com.nttdata.glue.CrearUsuarioStepsDefs.validarPetID(java.lang.String)&amp#27;[0m
  &amp#27;[32mAnd &amp#27;[0m&amp#27;[32mla cantidad del pedido es &amp#27;[0m&amp#27;[32m&amp#27;[1m"3"&amp#27;[0m                                              &amp#27;[90m# com.nttdata.glue.CrearUsuarioStepsDefs.validarQuantity(java.lang.String)&amp#27;[0m
]]></system-out>
  </testcase>
  <testcase name="Buscar Pedido //GET #6" classname="Crear y Buscar Pedidos de PetStore" time="0.537">
    <system-out><![CDATA[
@Feature @BuscarPedido
Scenario Outline: Buscar Pedido //GET                                            &amp#27;[90m# features/GET_POST.feature:41&amp#27;[0m
00:52:05.056 [pool-2-thread-1] INFO io.cucumber.core.plugin.SerenityReporter - Running feature from classpath:features/GET_POST.feature
  &amp#27;[32mGiven &amp#27;[0m&amp#27;[32mel usuario ingresa a la url &amp#27;[0m&amp#27;[32m&amp#27;[1m"https://petstore.swagger.io/v2/store/order"&amp#27;[0m &amp#27;[90m# com.nttdata.glue.CrearUsuarioStepsDefs.elUsuarioIngresaALaUrl(java.lang.String)&amp#27;[0m
Request method:	GET
Request URI:	https://petstore.swagger.io/v2/store/order/105
Proxy:			<none>
Request params:	<none>
Query params:	<none>
Form params:	<none>
Path params:	<none>
Headers:		Accept=*/*
				Content-Type=application/json; charset=UTF-8
Cookies:		<none>
Multiparts:		<none>
Body:			<none>
HTTP/1.1 200 OK
Date: Mon, 26 Aug 2024 05:52:05 GMT
Content-Type: application/json
Transfer-Encoding: chunked
Connection: keep-alive
Access-Control-Allow-Origin: *
Access-Control-Allow-Methods: GET, POST, DELETE, PUT
Access-Control-Allow-Headers: Content-Type, api_key, Authorization
Server: Jetty(9.2.9.v20150224)

{
    "id": 105,
    "petId": 222,
    "quantity": 3,
    "shipDate": "2021-08-25T00:00:00.000+0000",
    "status": "placed",
    "complete": true
}
  &amp#27;[32mWhen &amp#27;[0m&amp#27;[32mbusca el pedido con id &amp#27;[0m&amp#27;[32m&amp#27;[1m"105"&amp#27;[0m                                              &amp#27;[90m# com.nttdata.glue.CrearUsuarioStepsDefs.buscaElPedidoConId(java.lang.String)&amp#27;[0m
  &amp#27;[32mThen &amp#27;[0m&amp#27;[32mel cÃ³digo de respuesta es &amp#27;[0m&amp#27;[32m&amp#27;[1m200&amp#27;[0m                                             &amp#27;[90m# com.nttdata.glue.CrearUsuarioStepsDefs.elCÃ³digoDeRespuestaEs(int)&amp#27;[0m
  &amp#27;[32mAnd &amp#27;[0m&amp#27;[32mel id del pedido es &amp#27;[0m&amp#27;[32m&amp#27;[1m"105"&amp#27;[0m                                                  &amp#27;[90m# com.nttdata.glue.CrearUsuarioStepsDefs.elIdDelPedidoEs(java.lang.String)&amp#27;[0m
  &amp#27;[32mAnd &amp#27;[0m&amp#27;[32mel Petid del pedido es &amp#27;[0m&amp#27;[32m&amp#27;[1m"222"&amp#27;[0m                                               &amp#27;[90m# com.nttdata.glue.CrearUsuarioStepsDefs.validarPetID(java.lang.String)&amp#27;[0m
  &amp#27;[32mAnd &amp#27;[0m&amp#27;[32mla cantidad del pedido es &amp#27;[0m&amp#27;[32m&amp#27;[1m"3"&amp#27;[0m                                              &amp#27;[90m# com.nttdata.glue.CrearUsuarioStepsDefs.validarQuantity(java.lang.String)&amp#27;[0m
]]></system-out>
  </testcase>
</testsuite>